<?xml version='1.0' encoding='UTF-8'?>
<testsuite hostname="Gustavos-MacBook-Pro.local" name="example.HelloSpec" tests="1" errors="0" failures="0" skipped="0" time="8907.136" timestamp="2019-06-11T16:22:18">
                     <properties>
[...]
</properties>
                     <testcase classname="example.HelloSpec" name="HelloSpec" time="8907.136">
                                                 
                                               </testcase>
                     <system-out><![CDATA[]]></system-out>
                     <system-err><![CDATA[]]></system-err>
                   </testsuite>